app/build/intermediates/manifest_merge_blame_file/debug/manifest-merger-blame-debug-report.txt
1<?xml version="1.0" encoding="utf-8"?>
2<manifest xmlns:android="http://schemas.android.com/apk/res/android"
3    package="com.amitbharat.gallery"
4    android:versionCode="1"
5    android:versionName="1.0.0" >
6
7    <uses-sdk
8        android:minSdkVersion="33"
9        android:targetSdkVersion="34" />
10
11    <!-- Modern Granular Media Permissions for Android 13+ (API 33+) -->
12    <uses-permission android:name="android.permission.READ_MEDIA_IMAGES" />
12-->src\main\AndroidManifest.xml:6:5-76
12-->src\main\AndroidManifest.xml:6:22-73
13    <uses-permission android:name="android.permission.READ_MEDIA_VIDEO" />
13-->src\main\AndroidManifest.xml:7:5-75
13-->src\main\AndroidManifest.xml:7:22-72
14    <uses-permission android:name="android.permission.READ_MEDIA_AUDIO" />
14-->src\main\AndroidManifest.xml:8:5-75
14-->src\main\AndroidManifest.xml:8:22-72
15
16    <!-- Android 14+ (API 34+) Partial / User Selected Media Access -->
17    <uses-permission android:name="android.permission.READ_MEDIA_VISUAL_USER_SELECTED" />
17-->src\main\AndroidManifest.xml:11:5-90
17-->src\main\AndroidManifest.xml:11:22-87
18
19    <!-- Android 13+ Notification Permission -->
20    <uses-permission android:name="android.permission.POST_NOTIFICATIONS" />
20-->src\main\AndroidManifest.xml:14:5-77
20-->src\main\AndroidManifest.xml:14:22-74
21
22    <!-- Full Storage Management for File Manager operations on Android 13+ -->
23    <uses-permission android:name="android.permission.MANAGE_EXTERNAL_STORAGE" />
23-->src\main\AndroidManifest.xml:17:5-19:40
23-->src\main\AndroidManifest.xml:18:9-66
24
25    <!-- Wallpaper permission for Image Viewer -->
26    <uses-permission android:name="android.permission.SET_WALLPAPER" />
26-->src\main\AndroidManifest.xml:22:5-72
26-->src\main\AndroidManifest.xml:22:22-69
27    <uses-permission android:name="android.permission.ACCESS_NETWORK_STATE" />
27-->[androidx.media3:media3-exoplayer:1.2.1] AndroidManifest.xml:22:5-79
27-->[androidx.media3:media3-exoplayer:1.2.1] AndroidManifest.xml:22:22-76
28
29    <permission
29-->[androidx.core:core:1.9.0] AndroidManifest.xml:22:5-24:47
30        android:name="com.amitbharat.gallery.DYNAMIC_RECEIVER_NOT_EXPORTED_PERMISSION"
30-->[androidx.core:core:1.9.0] AndroidManifest.xml:23:9-81
31        android:protectionLevel="signature" />
31-->[androidx.core:core:1.9.0] AndroidManifest.xml:24:9-44
32
33    <uses-permission android:name="com.amitbharat.gallery.DYNAMIC_RECEIVER_NOT_EXPORTED_PERMISSION" />
33-->[androidx.core:core:1.9.0] AndroidManifest.xml:26:5-97
33-->[androidx.core:core:1.9.0] AndroidManifest.xml:26:22-94
34
35    <application
35-->src\main\AndroidManifest.xml:24:5-143:19
36        android:name="com.amitbharat.gallery.GalleryApplication"
36-->src\main\AndroidManifest.xml:25:9-43
37        android:allowBackup="true"
37-->src\main\AndroidManifest.xml:26:9-35
38        android:appComponentFactory="androidx.core.app.CoreComponentFactory"
38-->[androidx.core:core:1.9.0] AndroidManifest.xml:28:18-86
39        android:dataExtractionRules="@xml/file_paths"
39-->src\main\AndroidManifest.xml:27:9-54
40        android:debuggable="true"
41        android:enableOnBackInvokedCallback="true"
41-->src\main\AndroidManifest.xml:34:9-51
42        android:extractNativeLibs="false"
43        android:fullBackupContent="@xml/file_paths"
43-->src\main\AndroidManifest.xml:28:9-52
44        android:icon="@mipmap/ic_launcher"
44-->src\main\AndroidManifest.xml:29:9-43
45        android:label="@string/app_name"
45-->src\main\AndroidManifest.xml:30:9-41
46        android:roundIcon="@mipmap/ic_launcher_round"
46-->src\main\AndroidManifest.xml:31:9-54
47        android:supportsRtl="true"
47-->src\main\AndroidManifest.xml:32:9-35
48        android:theme="@style/Theme.Gallery" >
48-->src\main\AndroidManifest.xml:33:9-45
49
50        <!-- Splash Screen (Launcher) -->
51        <activity
51-->src\main\AndroidManifest.xml:38:9-46:20
52            android:name="com.amitbharat.gallery.ui.activities.SplashActivity"
52-->src\main\AndroidManifest.xml:39:13-57
53            android:exported="true"
53-->src\main\AndroidManifest.xml:40:13-36
54            android:theme="@style/Theme.Gallery.Splash" >
54-->src\main\AndroidManifest.xml:41:13-56
55            <intent-filter>
55-->src\main\AndroidManifest.xml:42:13-45:29
56                <action android:name="android.intent.action.MAIN" />
56-->src\main\AndroidManifest.xml:43:17-69
56-->src\main\AndroidManifest.xml:43:25-66
57
58                <category android:name="android.intent.category.LAUNCHER" />
58-->src\main\AndroidManifest.xml:44:17-77
58-->src\main\AndroidManifest.xml:44:27-74
59            </intent-filter>
60        </activity>
61
62        <!-- Main Home Screen (Gallery & File Manager) -->
63        <activity
63-->src\main\AndroidManifest.xml:49:9-60:20
64            android:name="com.amitbharat.gallery.ui.activities.MainActivity"
64-->src\main\AndroidManifest.xml:50:13-55
65            android:exported="true"
65-->src\main\AndroidManifest.xml:51:13-36
66            android:launchMode="singleTop"
66-->src\main\AndroidManifest.xml:52:13-43
67            android:windowSoftInputMode="adjustNothing" >
67-->src\main\AndroidManifest.xml:53:13-56
68            <intent-filter>
68-->src\main\AndroidManifest.xml:54:13-59:29
69                <action android:name="android.intent.action.VIEW" />
69-->src\main\AndroidManifest.xml:55:17-69
69-->src\main\AndroidManifest.xml:55:25-66
70
71                <category android:name="android.intent.category.DEFAULT" />
71-->src\main\AndroidManifest.xml:56:17-76
71-->src\main\AndroidManifest.xml:56:27-73
72
73                <data android:mimeType="image/*" />
73-->src\main\AndroidManifest.xml:57:17-52
73-->src\main\AndroidManifest.xml:57:23-49
74                <data android:mimeType="video/*" />
74-->src\main\AndroidManifest.xml:57:17-52
74-->src\main\AndroidManifest.xml:57:23-49
75            </intent-filter>
76        </activity>
77
78        <!-- Folder / Album Detail Screen -->
79        <activity
79-->src\main\AndroidManifest.xml:63:9-66:72
80            android:name="com.amitbharat.gallery.ui.activities.FolderDetailActivity"
80-->src\main\AndroidManifest.xml:64:13-63
81            android:exported="false"
81-->src\main\AndroidManifest.xml:65:13-37
82            android:parentActivityName="com.amitbharat.gallery.ui.activities.MainActivity" />
82-->src\main\AndroidManifest.xml:66:13-69
83
84        <!-- Image Viewer (Pinch-zoom, Slideshow, Info) -->
85        <activity
85-->src\main\AndroidManifest.xml:69:9-73:64
86            android:name="com.amitbharat.gallery.ui.activities.ImageViewerActivity"
86-->src\main\AndroidManifest.xml:70:13-62
87            android:configChanges="orientation|screenSize|screenLayout|keyboardHidden"
87-->src\main\AndroidManifest.xml:72:13-87
88            android:exported="false"
88-->src\main\AndroidManifest.xml:71:13-37
89            android:theme="@style/Theme.Gallery.MediaViewer" />
89-->src\main\AndroidManifest.xml:73:13-61
90
91        <!-- Image Crop & Transform Tool -->
92        <activity
92-->src\main\AndroidManifest.xml:76:9-79:64
93            android:name="com.amitbharat.gallery.ui.activities.ImageCropActivity"
93-->src\main\AndroidManifest.xml:77:13-60
94            android:exported="false"
94-->src\main\AndroidManifest.xml:78:13-37
95            android:theme="@style/Theme.Gallery.MediaViewer" />
95-->src\main\AndroidManifest.xml:79:13-61
96
97        <!-- Video Player (ExoPlayer with gesture controls, PiP) -->
98        <activity
98-->src\main\AndroidManifest.xml:82:9-87:64
99            android:name="com.amitbharat.gallery.ui.activities.VideoPlayerActivity"
99-->src\main\AndroidManifest.xml:83:13-62
100            android:configChanges="orientation|screenSize|smallestScreenSize|screenLayout"
100-->src\main\AndroidManifest.xml:85:13-91
101            android:exported="false"
101-->src\main\AndroidManifest.xml:84:13-37
102            android:supportsPictureInPicture="true"
102-->src\main\AndroidManifest.xml:86:13-52
103            android:theme="@style/Theme.Gallery.MediaViewer" />
103-->src\main\AndroidManifest.xml:87:13-61
104
105        <!-- Video Trim & Cutter Tool -->
106        <activity
106-->src\main\AndroidManifest.xml:90:9-94:64
107            android:name="com.amitbharat.gallery.ui.activities.VideoTrimActivity"
107-->src\main\AndroidManifest.xml:91:13-60
108            android:configChanges="orientation|screenSize|screenLayout"
108-->src\main\AndroidManifest.xml:93:13-72
109            android:exported="false"
109-->src\main\AndroidManifest.xml:92:13-37
110            android:theme="@style/Theme.Gallery.MediaViewer" />
110-->src\main\AndroidManifest.xml:94:13-61
111
112        <!-- Storage Analyzer & Cleaner -->
113        <activity
113-->src\main\AndroidManifest.xml:97:9-100:72
114            android:name="com.amitbharat.gallery.ui.activities.StorageAnalyzerActivity"
114-->src\main\AndroidManifest.xml:98:13-66
115            android:exported="false"
115-->src\main\AndroidManifest.xml:99:13-37
116            android:parentActivityName="com.amitbharat.gallery.ui.activities.MainActivity" />
116-->src\main\AndroidManifest.xml:100:13-69
117
118        <!-- Secure Vault / Hidden Folder -->
119        <activity
119-->src\main\AndroidManifest.xml:103:9-106:72
120            android:name="com.amitbharat.gallery.ui.activities.SecureVaultActivity"
120-->src\main\AndroidManifest.xml:104:13-62
121            android:exported="false"
121-->src\main\AndroidManifest.xml:105:13-37
122            android:parentActivityName="com.amitbharat.gallery.ui.activities.MainActivity" />
122-->src\main\AndroidManifest.xml:106:13-69
123
124        <!-- Recycle Bin / Trash Activity -->
125        <activity
125-->src\main\AndroidManifest.xml:109:9-112:72
126            android:name="com.amitbharat.gallery.ui.activities.RecycleBinActivity"
126-->src\main\AndroidManifest.xml:110:13-61
127            android:exported="false"
127-->src\main\AndroidManifest.xml:111:13-37
128            android:parentActivityName="com.amitbharat.gallery.ui.activities.MainActivity" />
128-->src\main\AndroidManifest.xml:112:13-69
129
130        <!-- Global Search & Filter -->
131        <activity
131-->src\main\AndroidManifest.xml:115:9-118:71
132            android:name="com.amitbharat.gallery.ui.activities.SearchActivity"
132-->src\main\AndroidManifest.xml:116:13-57
133            android:exported="false"
133-->src\main\AndroidManifest.xml:117:13-37
134            android:windowSoftInputMode="stateVisible|adjustResize" />
134-->src\main\AndroidManifest.xml:118:13-68
135
136        <!-- Settings Screen -->
137        <activity
137-->src\main\AndroidManifest.xml:121:9-124:72
138            android:name="com.amitbharat.gallery.ui.activities.SettingsActivity"
138-->src\main\AndroidManifest.xml:122:13-59
139            android:exported="false"
139-->src\main\AndroidManifest.xml:123:13-37
140            android:parentActivityName="com.amitbharat.gallery.ui.activities.MainActivity" />
140-->src\main\AndroidManifest.xml:124:13-69
141
142        <!-- About Screen -->
143        <activity
143-->src\main\AndroidManifest.xml:127:9-130:72
144            android:name="com.amitbharat.gallery.ui.activities.AboutActivity"
144-->src\main\AndroidManifest.xml:128:13-56
145            android:exported="false"
145-->src\main\AndroidManifest.xml:129:13-37
146            android:parentActivityName="com.amitbharat.gallery.ui.activities.MainActivity" />
146-->src\main\AndroidManifest.xml:130:13-69
147
148        <!-- Secure FileProvider for Sharing Media and Files -->
149        <provider
150            android:name="androidx.core.content.FileProvider"
150-->src\main\AndroidManifest.xml:134:13-62
151            android:authorities="com.amitbharat.gallery.fileprovider"
151-->src\main\AndroidManifest.xml:135:13-64
152            android:exported="false"
152-->src\main\AndroidManifest.xml:136:13-37
153            android:grantUriPermissions="true" >
153-->src\main\AndroidManifest.xml:137:13-47
154            <meta-data
154-->src\main\AndroidManifest.xml:138:13-140:54
155                android:name="android.support.FILE_PROVIDER_PATHS"
155-->src\main\AndroidManifest.xml:139:17-67
156                android:resource="@xml/file_paths" />
156-->src\main\AndroidManifest.xml:140:17-51
157        </provider>
158        <provider
158-->[androidx.emoji2:emoji2:1.2.0] AndroidManifest.xml:24:9-32:20
159            android:name="androidx.startup.InitializationProvider"
159-->[androidx.emoji2:emoji2:1.2.0] AndroidManifest.xml:25:13-67
160            android:authorities="com.amitbharat.gallery.androidx-startup"
160-->[androidx.emoji2:emoji2:1.2.0] AndroidManifest.xml:26:13-68
161            android:exported="false" >
161-->[androidx.emoji2:emoji2:1.2.0] AndroidManifest.xml:27:13-37
162            <meta-data
162-->[androidx.emoji2:emoji2:1.2.0] AndroidManifest.xml:29:13-31:52
163                android:name="androidx.emoji2.text.EmojiCompatInitializer"
163-->[androidx.emoji2:emoji2:1.2.0] AndroidManifest.xml:30:17-75
164                android:value="androidx.startup" />
164-->[androidx.emoji2:emoji2:1.2.0] AndroidManifest.xml:31:17-49
165            <meta-data
165-->[androidx.lifecycle:lifecycle-process:2.7.0] AndroidManifest.xml:29:13-31:52
166                android:name="androidx.lifecycle.ProcessLifecycleInitializer"
166-->[androidx.lifecycle:lifecycle-process:2.7.0] AndroidManifest.xml:30:17-78
167                android:value="androidx.startup" />
167-->[androidx.lifecycle:lifecycle-process:2.7.0] AndroidManifest.xml:31:17-49
168            <meta-data
168-->[androidx.profileinstaller:profileinstaller:1.3.0] AndroidManifest.xml:29:13-31:52
169                android:name="androidx.profileinstaller.ProfileInstallerInitializer"
169-->[androidx.profileinstaller:profileinstaller:1.3.0] AndroidManifest.xml:30:17-85
170                android:value="androidx.startup" />
170-->[androidx.profileinstaller:profileinstaller:1.3.0] AndroidManifest.xml:31:17-49
171        </provider>
172
173        <service
173-->[androidx.room:room-runtime:2.6.1] AndroidManifest.xml:24:9-28:63
174            android:name="androidx.room.MultiInstanceInvalidationService"
174-->[androidx.room:room-runtime:2.6.1] AndroidManifest.xml:25:13-74
175            android:directBootAware="true"
175-->[androidx.room:room-runtime:2.6.1] AndroidManifest.xml:26:13-43
176            android:exported="false" />
176-->[androidx.room:room-runtime:2.6.1] AndroidManifest.xml:27:13-37
177
178        <receiver
178-->[androidx.profileinstaller:profileinstaller:1.3.0] AndroidManifest.xml:34:9-52:20
179            android:name="androidx.profileinstaller.ProfileInstallReceiver"
179-->[androidx.profileinstaller:profileinstaller:1.3.0] AndroidManifest.xml:35:13-76
180            android:directBootAware="false"
180-->[androidx.profileinstaller:profileinstaller:1.3.0] AndroidManifest.xml:36:13-44
181            android:enabled="true"
181-->[androidx.profileinstaller:profileinstaller:1.3.0] AndroidManifest.xml:37:13-35
182            android:exported="true"
182-->[androidx.profileinstaller:profileinstaller:1.3.0] AndroidManifest.xml:38:13-36
183            android:permission="android.permission.DUMP" >
183-->[androidx.profileinstaller:profileinstaller:1.3.0] AndroidManifest.xml:39:13-57
184            <intent-filter>
184-->[androidx.profileinstaller:profileinstaller:1.3.0] AndroidManifest.xml:40:13-42:29
185                <action android:name="androidx.profileinstaller.action.INSTALL_PROFILE" />
185-->[androidx.profileinstaller:profileinstaller:1.3.0] AndroidManifest.xml:41:17-91
185-->[androidx.profileinstaller:profileinstaller:1.3.0] AndroidManifest.xml:41:25-88
186            </intent-filter>
187            <intent-filter>
187-->[androidx.profileinstaller:profileinstaller:1.3.0] AndroidManifest.xml:43:13-45:29
188                <action android:name="androidx.profileinstaller.action.SKIP_FILE" />
188-->[androidx.profileinstaller:profileinstaller:1.3.0] AndroidManifest.xml:44:17-85
188-->[androidx.profileinstaller:profileinstaller:1.3.0] AndroidManifest.xml:44:25-82
189            </intent-filter>
190            <intent-filter>
190-->[androidx.profileinstaller:profileinstaller:1.3.0] AndroidManifest.xml:46:13-48:29
191                <action android:name="androidx.profileinstaller.action.SAVE_PROFILE" />
191-->[androidx.profileinstaller:profileinstaller:1.3.0] AndroidManifest.xml:47:17-88
191-->[androidx.profileinstaller:profileinstaller:1.3.0] AndroidManifest.xml:47:25-85
192            </intent-filter>
193            <intent-filter>
193-->[androidx.profileinstaller:profileinstaller:1.3.0] AndroidManifest.xml:49:13-51:29
194                <action android:name="androidx.profileinstaller.action.BENCHMARK_OPERATION" />
194-->[androidx.profileinstaller:profileinstaller:1.3.0] AndroidManifest.xml:50:17-95
194-->[androidx.profileinstaller:profileinstaller:1.3.0] AndroidManifest.xml:50:25-92
195            </intent-filter>
196        </receiver>
197    </application>
198
199</manifest>